mode: set
muni/go-mail/internal/config/config.go:50.56,52.16 2 1
muni/go-mail/internal/config/config.go:52.16,54.3 1 0
muni/go-mail/internal/config/config.go:55.2,56.16 2 1
muni/go-mail/internal/config/config.go:56.16,58.3 1 0
muni/go-mail/internal/config/config.go:59.2,59.8 1 1
muni/go-mail/internal/eftnotify/eft-email.go:12.74,17.19 4 0
muni/go-mail/internal/eftnotify/eft-email.go:17.19,19.6 1 0
muni/go-mail/internal/eftnotify/eft-email.go:21.5,22.48 2 0
muni/go-mail/internal/eftnotify/eft-email.go:22.48,27.23 5 0
muni/go-mail/internal/eftnotify/eft-email.go:27.23,29.10 1 0
muni/go-mail/internal/eftnotify/eft-email.go:30.9,37.64 7 0
muni/go-mail/internal/eftnotify/eft-email.go:37.64,39.10 1 0
muni/go-mail/internal/eftnotify/eft-email.go:42.5,42.15 1 0
muni/go-mail/internal/eftnotify/eft-file-parser.go:16.61,27.6 10 1
muni/go-mail/internal/eftnotify/eft-file-parser.go:27.6,30.20 2 1
muni/go-mail/internal/eftnotify/eft-file-parser.go:30.20,31.9 1 1
muni/go-mail/internal/eftnotify/eft-file-parser.go:33.3,33.17 1 1
muni/go-mail/internal/eftnotify/eft-file-parser.go:33.17,35.4 1 0
muni/go-mail/internal/eftnotify/eft-file-parser.go:36.3,49.10 9 1
muni/go-mail/internal/eftnotify/eft-file-parser.go:51.2,52.22 2 1
muni/go-mail/internal/eftnotify/eft-file-parser.go:57.66,59.21 2 1
muni/go-mail/internal/eftnotify/eft-file-parser.go:59.21,61.38 2 1
muni/go-mail/internal/eftnotify/eft-file-parser.go:61.38,74.4 7 1
muni/go-mail/internal/eftnotify/eft-file-parser.go:77.2,77.49 1 1
muni/go-mail/internal/eftnotify/eft-file-parser.go:77.49,79.3 1 1
muni/go-mail/internal/eftnotify/eft-file-parser.go:80.2,80.8 1 1
muni/go-mail/internal/eftnotify/eft-process-flow.go:16.56,18.2 1 0
muni/go-mail/internal/eftnotify/eft-process-flow.go:20.53,21.27 1 0
muni/go-mail/internal/eftnotify/eft-process-flow.go:21.27,23.25 2 0
muni/go-mail/internal/eftnotify/eft-process-flow.go:23.25,25.4 1 0
muni/go-mail/internal/eftnotify/eft-process-flow.go:26.3,26.20 1 0
muni/go-mail/internal/eftnotify/eft-process-flow.go:26.20,28.4 1 0
muni/go-mail/internal/eftnotify/eft-process-flow.go:30.2,30.12 1 0
muni/go-mail/internal/eftnotify/eft-process-flow.go:34.85,38.60 3 0
muni/go-mail/internal/eftnotify/eft-process-flow.go:38.60,39.18 1 0
muni/go-mail/internal/eftnotify/eft-process-flow.go:39.18,41.5 1 0
muni/go-mail/internal/eftnotify/eft-process-flow.go:47.4,47.74 1 0
muni/go-mail/internal/eftnotify/eft-process-flow.go:47.74,50.62 2 0
muni/go-mail/internal/eftnotify/eft-process-flow.go:50.62,52.6 1 0
muni/go-mail/internal/eftnotify/eft-process-flow.go:53.11,55.5 0 0
muni/go-mail/internal/eftnotify/eft-process-flow.go:57.4,57.14 1 0
muni/go-mail/internal/eftnotify/eft-process-flow.go:59.2,59.8 1 0
muni/go-mail/internal/eftnotify/eft-process-flow.go:62.93,63.78 1 0
muni/go-mail/internal/eftnotify/eft-process-flow.go:63.78,65.3 1 0
muni/go-mail/internal/eftnotify/eft-process-flow.go:66.2,66.37 1 0
muni/go-mail/internal/eftnotify/eft-process-flow.go:69.61,75.2 4 0
muni/go-mail/internal/eftnotify/eft-process-flow.go:77.54,81.30 2 0
muni/go-mail/internal/eftnotify/eft-process-flow.go:81.30,84.3 2 0
muni/go-mail/internal/eftnotify/eft-process-flow.go:85.2,85.13 1 0
muni/go-mail/internal/eftnotify/eft-process-flow.go:88.39,91.24 2 0
muni/go-mail/internal/eftnotify/eft-process-flow.go:91.24,93.3 1 0
muni/go-mail/internal/eftnotify/eft-process-flow.go:94.2,94.22 1 0
muni/go-mail/internal/eftnotify/eft-process-flow.go:98.71,100.16 2 0
muni/go-mail/internal/eftnotify/eft-process-flow.go:100.16,106.3 4 0
muni/go-mail/internal/eftnotify/eft-process-flow.go:107.2,111.16 3 0
muni/go-mail/internal/eftnotify/eft-process-flow.go:111.16,115.18 4 0
muni/go-mail/internal/eftnotify/eft-process-flow.go:115.18,117.4 1 0
muni/go-mail/internal/eftnotify/eft-process-flow.go:118.3,118.13 1 0
muni/go-mail/internal/eftnotify/eft-process-flow.go:121.2,122.17 2 0
muni/go-mail/internal/eftnotify/eft-process-flow.go:122.17,125.3 2 0
muni/go-mail/internal/eftnotify/eft-process-flow.go:126.2,128.12 2 0
muni/go-mail/internal/eftnotify/eft-process-flow.go:132.61,144.58 4 0
muni/go-mail/internal/eftnotify/eft-process-flow.go:144.58,146.3 1 0
muni/go-mail/internal/eftnotify/template.go:9.63,13.2 2 0
muni/go-mail/internal/utils/string_utils.go:3.57,5.27 2 0
muni/go-mail/internal/utils/string_utils.go:5.27,7.3 1 0
muni/go-mail/internal/utils/string_utils.go:8.2,8.33 1 0
muni/go-mail/internal/utils/string_utils.go:8.33,10.3 1 0
muni/go-mail/internal/utils/string_utils.go:12.2,12.46 1 0
muni/go-mail/internal/utils/string_utils.go:15.37,17.2 1 0
muni/go-mail/internal/utils/template_utils.go:9.74,12.16 3 1
muni/go-mail/internal/utils/template_utils.go:12.16,14.3 1 1
muni/go-mail/internal/utils/template_utils.go:16.2,16.54 1 1
muni/go-mail/internal/utils/template_utils.go:16.54,18.3 1 0
muni/go-mail/internal/utils/template_utils.go:19.2,19.23 1 1
muni/go-mail/cmd/go-mail/main.go:18.13,21.16 2 0
muni/go-mail/cmd/go-mail/main.go:21.16,23.3 1 0
muni/go-mail/cmd/go-mail/main.go:24.2,25.41 2 0
muni/go-mail/cmd/go-mail/main.go:25.41,27.3 1 0
muni/go-mail/cmd/go-mail/main.go:30.2,35.52 5 0
muni/go-mail/cmd/go-mail/main.go:35.52,37.3 1 0
muni/go-mail/cmd/go-mail/main.go:37.8,40.3 2 0
muni/go-mail/cmd/go-mail/main.go:43.2,50.64 5 0
muni/go-mail/cmd/go-mail/main.go:50.64,52.3 1 0
muni/go-mail/cmd/go-mail/main.go:55.2,56.16 2 0
muni/go-mail/cmd/go-mail/main.go:56.16,58.3 1 0
muni/go-mail/cmd/go-mail/main.go:59.2,61.38 2 0
muni/go-mail/cmd/go-mail/main.go:61.38,63.86 1 0
muni/go-mail/cmd/go-mail/main.go:63.86,66.4 2 0
muni/go-mail/cmd/go-mail/main.go:66.9,69.4 1 0
muni/go-mail/cmd/go-mail/main.go:74.41,75.48 1 0
muni/go-mail/cmd/go-mail/main.go:75.48,80.23 3 0
muni/go-mail/cmd/go-mail/main.go:80.23,85.58 4 0
muni/go-mail/cmd/go-mail/main.go:85.58,87.5 1 0
muni/go-mail/cmd/go-mail/main.go:87.10,89.5 1 0
muni/go-mail/internal/mail/mail.go:12.90,22.2 3 0
muni/go-mail/internal/mail/mail.go:24.73,29.16 4 0
muni/go-mail/internal/mail/mail.go:29.16,31.3 1 0
muni/go-mail/internal/mail/mail.go:33.2,40.57 7 0
muni/go-mail/internal/mail/mail.go:40.57,42.3 1 0
muni/go-mail/internal/mail/mail.go:43.2,43.12 1 0
